-------------------------------------------------------------------------------
Test set: com.gouyan.jvm.JvmApplicationTests
-------------------------------------------------------------------------------
Tests run: 1, Failures: 0, Errors: 1, Skipped: 0, Time elapsed: 0.821 s <<< FAILURE! - in com.gouyan.jvm.JvmApplicationTests
initializationError(com.gouyan.jvm.JvmApplicationTests)  Time elapsed: 0.001 s  <<< ERROR!
java.lang.IllegalStateException: Unable to find a @SpringBootConfiguration, you need to use @ContextConfiguration or @SpringBootTest(classes=...) with your test

