<?xml version="1.0" encoding="UTF-8"?>
<testsuite xmlns:xsi="http://www.w3.org/2001/XMLSchema-instance" xsi:noNamespaceSchemaLocation="https://maven.apache.org/surefire/maven-surefire-plugin/xsd/surefire-test-report.xsd" name="com.gouyan.jvm.JvmApplicationTests" time="0.821" tests="1" errors="1" skipped="0" failures="0">
  <properties>
[...]
</properties>
  <testcase name="initializationError" classname="com.gouyan.jvm.JvmApplicationTests" time="0.001">
    <error message="Unable to find a @SpringBootConfiguration, you need to use @ContextConfiguration or @SpringBootTest(classes=...) with your test" type="java.lang.IllegalStateException">java.lang.IllegalStateException: Unable to find a @SpringBootConfiguration, you need to use @ContextConfiguration or @SpringBootTest(classes=...) with your test
</error>
    <system-out><![CDATA[18:09:18.889 [main] DEBUG org.springframework.test.context.junit4.SpringJUnit4ClassRunner - SpringJUnit4ClassRunner constructor called with [class com.gouyan.jvm.JvmApplicationTests]
18:09:18.894 [main] DEBUG org.springframework.test.context.BootstrapUtils - Instantiating CacheAwareContextLoaderDelegate from class [org.springframework.test.context.cache.DefaultCacheAwareContextLoaderDelegate]
18:09:18.900 [main] DEBUG org.springframework.test.context.BootstrapUtils - Instantiating BootstrapContext using constructor [public org.springframework.test.context.support.DefaultBootstrapContext(java.lang.Class,org.springframework.test.context.CacheAwareContextLoaderDelegate)]
18:09:18.913 [main] DEBUG org.springframework.test.context.BootstrapUtils - Instantiating TestContextBootstrapper for test class [com.gouyan.jvm.JvmApplicationTests] from class [org.springframework.boot.test.context.SpringBootTestContextBootstrapper]
18:09:18.923 [main] INFO org.springframework.boot.test.context.SpringBootTestContextBootstrapper - Neither @ContextConfiguration nor @ContextHierarchy found for test class [com.gouyan.jvm.JvmApplicationTests], using SpringBootContextLoader
18:09:18.926 [main] DEBUG org.springframework.test.context.support.AbstractContextLoader - Did not detect default resource location for test class [com.gouyan.jvm.JvmApplicationTests]: class path resource [com/gouyan/jvm/JvmApplicationTests-context.xml] does not exist
18:09:18.926 [main] DEBUG org.springframework.test.context.support.AbstractContextLoader - Did not detect default resource location for test class [com.gouyan.jvm.JvmApplicationTests]: class path resource [com/gouyan/jvm/JvmApplicationTestsContext.groovy] does not exist
18:09:18.926 [main] INFO org.springframework.test.context.support.AbstractContextLoader - Could not detect default resource locations for test class [com.gouyan.jvm.JvmApplicationTests]: no resource found for suffixes {-context.xml, Context.groovy}.
18:09:18.927 [main] INFO org.springframework.test.context.support.AnnotationConfigContextLoaderUtils - Could not detect default configuration classes for test class [com.gouyan.jvm.JvmApplicationTests]: JvmApplicationTests does not declare any static, non-private, non-final, nested classes annotated with @Configuration.
18:09:18.957 [main] DEBUG org.springframework.test.context.support.ActiveProfilesUtils - Could not find an 'annotation declaring class' for annotation type [org.springframework.test.context.ActiveProfiles] and class [com.gouyan.jvm.JvmApplicationTests]
18:09:18.964 [main] DEBUG org.springframework.core.env.StandardEnvironment - Adding PropertySource 'systemProperties' with lowest search precedence
18:09:18.965 [main] DEBUG org.springframework.core.env.StandardEnvironment - Adding PropertySource 'systemEnvironment' with lowest search precedence
18:09:18.965 [main] DEBUG org.springframework.core.env.StandardEnvironment - Initialized StandardEnvironment with PropertySources [MapPropertySource@520022247 {name='systemProperties', properties={java.runtime.name=Java(TM) SE Runtime Environment, sun.boot.library.path=F:\ProgramFiles\Java\jdk1.8.0_181\jre\bin, java.vm.version=25.181-b13, java.vm.vendor=Oracle Corporation, java.vendor.url=http://java.oracle.com/, path.separator=;, java.vm.name=Java HotSpot(TM) 64-Bit Server VM, file.encoding.pkg=sun.io, user.country=CN, user.script=, sun.java.launcher=SUN_STANDARD, sun.os.patch.level=, java.vm.specification.name=Java Virtual Machine Specification, user.dir=D:\ideaProject\jvm, java.runtime.version=1.8.0_181-b13, basedir=D:\ideaProject\jvm, java.awt.graphicsenv=sun.awt.Win32GraphicsEnvironment, java.endorsed.dirs=F:\ProgramFiles\Java\jdk1.8.0_181\jre\lib\endorsed, os.arch=amd64, surefire.real.class.path=C:\Users\gouyan\AppData\Local\Temp\surefire4125141837082951700\surefirebooter287192915801994487.jar, java.io.tmpdir=C:\Users\gouyan\AppData\Local\Temp\, line.separator=
, java.vm.specification.vendor=Oracle Corporation, user.variant=, os.name=Windows 10, sun.jnu.encoding=GBK, java.library.path=F:\ProgramFiles\Java\jdk1.8.0_181\jre\bin;C:\WINDOWS\Sun\Java\bin;C:\WINDOWS\system32;C:\WINDOWS;C:\ProgramData\Oracle\Java\javapath;C:\WINDOWS\system32;C:\WINDOWS;C:\WINDOWS\System32\Wbem;C:\WINDOWS\System32\WindowsPowerShell\v1.0\;F:\Program Files\TortoiseSVN\bin;F:\ProgramFiles\Java\jdk1.8.0_181\bin;F:\ProgramFiles\Java\jdk1.8.0_181\jre;F:\Program Files\VisualSVN\bin;F:\Program Files\mysql\bin;C:\Program Files (x86)\Windows Kits\10\Windows Performance Toolkit\;F:\Program Files\hadoop-2.7.3\bin;C:\WINDOWS\system32\config\systemprofile\.dnx\bin;C:\Program Files\Microsoft DNX\Dnvm\;C:\Program Files\Microsoft SQL Server\130\Tools\Binn\;F:\ProgramFiles\anaconda;F:\ProgramFiles\anaconda\Library\bin;F:\ProgramFiles\anaconda\Scripts;F:\ProgramFiles\apache-maven-3.5.4\bin;F:\ProgramFiles\gradle-4.10\bin;F:\ProgramFiles\golang\bin;F:\ProgramFiles\golang\bin;C:\WINDOWS\System32\OpenSSH\;F:\Program Files\Git\cmd;F:\ProgramFiles\groovy-2.5.4\bin;;C:\Users\gouyan\AppData\Local\Microsoft\WindowsApps;F:\ProgramFiles\Docker Toolbox;., surefire.test.class.path=D:\ideaProject\jvm\target\test-classes;D:\ideaProject\jvm\target\classes;D:\mavenRepository\org\springframework\boot\spring-boot-starter-web\2.0.3.RELEASE\spring-boot-starter-web-2.0.3.RELEASE.jar;D:\mavenRepository\org\springframework\boot\spring-boot-starter\2.0.3.RELEASE\spring-boot-starter-2.0.3.RELEASE.jar;D:\mavenRepository\org\springframework\boot\spring-boot\2.0.3.RELEASE\spring-boot-2.0.3.RELEASE.jar;D:\mavenRepository\org\springframework\boot\spring-boot-autoconfigure\2.0.3.RELEASE\spring-boot-autoconfigure-2.0.3.RELEASE.jar;D:\mavenRepository\org\springframework\boot\spring-boot-starter-logging\2.0.3.RELEASE\spring-boot-starter-logging-2.0.3.RELEASE.jar;D:\mavenRepository\ch\qos\logback\logback-classic\1.2.3\logback-classic-1.2.3.jar;D:\mavenRepository\ch\qos\logback\logback-core\1.2.3\logback-core-1.2.3.jar;D:\mavenRepository\org\apache\logging\log4j\log4j-to-slf4j\2.10.0\log4j-to-slf4j-2.10.0.jar;D:\mavenRepository\org\apache\logging\log4j\log4j-api\2.10.0\log4j-api-2.10.0.jar;D:\mavenRepository\org\slf4j\jul-to-slf4j\1.7.25\jul-to-slf4j-1.7.25.jar;D:\mavenRepository\javax\annotation\javax.annotation-api\1.3.2\javax.annotation-api-1.3.2.jar;D:\mavenRepository\org\yaml\snakeyaml\1.19\snakeyaml-1.19.jar;D:\mavenRepository\org\springframework\boot\spring-boot-starter-json\2.0.3.RELEASE\spring-boot-starter-json-2.0.3.RELEASE.jar;D:\mavenRepository\com\fasterxml\jackson\core\jackson-databind\2.9.6\jackson-databind-2.9.6.jar;D:\mavenRepository\com\fasterxml\jackson\core\jackson-annotations\2.9.0\jackson-annotations-2.9.0.jar;D:\mavenRepository\com\fasterxml\jackson\core\jackson-core\2.9.6\jackson-core-2.9.6.jar;D:\mavenRepository\com\fasterxml\jackson\datatype\jackson-datatype-jdk8\2.9.6\jackson-datatype-jdk8-2.9.6.jar;D:\mavenRepository\com\fasterxml\jackson\datatype\jackson-datatype-jsr310\2.9.6\jackson-datatype-jsr310-2.9.6.jar;D:\mavenRepository\com\fasterxml\jackson\module\jackson-module-parameter-names\2.9.6\jackson-module-parameter-names-2.9.6.jar;D:\mavenRepository\org\springframework\boot\spring-boot-starter-tomcat\2.0.3.RELEASE\spring-boot-starter-tomcat-2.0.3.RELEASE.jar;D:\mavenRepository\org\apache\tomcat\embed\tomcat-embed-core\8.5.31\tomcat-embed-core-8.5.31.jar;D:\mavenRepository\org\apache\tomcat\embed\tomcat-embed-el\8.5.31\tomcat-embed-el-8.5.31.jar;D:\mavenRepository\org\apache\tomcat\embed\tomcat-embed-websocket\8.5.31\tomcat-embed-websocket-8.5.31.jar;D:\mavenRepository\org\hibernate\validator\hibernate-validator\6.0.10.Final\hibernate-validator-6.0.10.Final.jar;D:\mavenRepository\javax\validation\validation-api\2.0.1.Final\validation-api-2.0.1.Final.jar;D:\mavenRepository\org\jboss\logging\jboss-logging\3.3.2.Final\jboss-logging-3.3.2.Final.jar;D:\mavenRepository\com\fasterxml\classmate\1.3.4\classmate-1.3.4.jar;D:\mavenRepository\org\springframework\spring-web\5.0.7.RELEASE\spring-web-5.0.7.RELEASE.jar;D:\mavenRepository\org\springframework\spring-beans\5.0.7.RELEASE\spring-beans-5.0.7.RELEASE.jar;D:\mavenRepository\org\springframework\spring-webmvc\5.0.7.RELEASE\spring-webmvc-5.0.7.RELEASE.jar;D:\mavenRepository\org\springframework\spring-aop\5.0.7.RELEASE\spring-aop-5.0.7.RELEASE.jar;D:\mavenRepository\org\springframework\spring-context\5.0.7.RELEASE\spring-context-5.0.7.RELEASE.jar;D:\mavenRepository\org\springframework\spring-expression\5.0.7.RELEASE\spring-expression-5.0.7.RELEASE.jar;D:\mavenRepository\asm\asm\3.3.1\asm-3.3.1.jar;D:\mavenRepository\com\alibaba\fastjson\1.2.47\fastjson-1.2.47.jar;D:\mavenRepository\org\springframework\boot\spring-boot-starter-test\2.0.3.RELEASE\spring-boot-starter-test-2.0.3.RELEASE.jar;D:\mavenRepository\org\springframework\boot\spring-boot-test\2.0.3.RELEASE\spring-boot-test-2.0.3.RELEASE.jar;D:\mavenRepository\org\springframework\boot\spring-boot-test-autoconfigure\2.0.3.RELEASE\spring-boot-test-autoconfigure-2.0.3.RELEASE.jar;D:\mavenRepository\com\jayway\jsonpath\json-path\2.4.0\json-path-2.4.0.jar;D:\mavenRepository\net\minidev\json-smart\2.3\json-smart-2.3.jar;D:\mavenRepository\net\minidev\accessors-smart\1.2\accessors-smart-1.2.jar;D:\mavenRepository\org\ow2\asm\asm\5.0.4\asm-5.0.4.jar;D:\mavenRepository\org\slf4j\slf4j-api\1.7.25\slf4j-api-1.7.25.jar;D:\mavenRepository\junit\junit\4.12\junit-4.12.jar;D:\mavenRepository\org\assertj\assertj-core\3.9.1\assertj-core-3.9.1.jar;D:\mavenRepository\org\mockito\mockito-core\2.15.0\mockito-core-2.15.0.jar;D:\mavenRepository\net\bytebuddy\byte-buddy\1.7.11\byte-buddy-1.7.11.jar;D:\mavenRepository\net\bytebuddy\byte-buddy-agent\1.7.11\byte-buddy-agent-1.7.11.jar;D:\mavenRepository\org\objenesis\objenesis\2.6\objenesis-2.6.jar;D:\mavenRepository\org\hamcrest\hamcrest-core\1.3\hamcrest-core-1.3.jar;D:\mavenRepository\org\hamcrest\hamcrest-library\1.3\hamcrest-library-1.3.jar;D:\mavenRepository\org\skyscreamer\jsonassert\1.5.0\jsonassert-1.5.0.jar;D:\mavenRepository\com\vaadin\external\google\android-json\0.0.20131108.vaadin1\android-json-0.0.20131108.vaadin1.jar;D:\mavenRepository\org\springframework\spring-core\5.0.7.RELEASE\spring-core-5.0.7.RELEASE.jar;D:\mavenRepository\org\springframework\spring-jcl\5.0.7.RELEASE\spring-jcl-5.0.7.RELEASE.jar;D:\mavenRepository\org\springframework\spring-test\5.0.7.RELEASE\spring-test-5.0.7.RELEASE.jar;D:\mavenRepository\org\xmlunit\xmlunit-core\2.5.1\xmlunit-core-2.5.1.jar;, java.specification.name=Java Platform API Specification, java.class.version=52.0, sun.management.compiler=HotSpot 64-Bit Tiered Compilers, os.version=10.0, user.home=C:\Users\gouyan, user.timezone=Asia/Shanghai, java.awt.printerjob=sun.awt.windows.WPrinterJob, file.encoding=GBK, java.specification.version=1.8, java.class.path=D:\ideaProject\jvm\target\test-classes;D:\ideaProject\jvm\target\classes;D:\mavenRepository\org\springframework\boot\spring-boot-starter-web\2.0.3.RELEASE\spring-boot-starter-web-2.0.3.RELEASE.jar;D:\mavenRepository\org\springframework\boot\spring-boot-starter\2.0.3.RELEASE\spring-boot-starter-2.0.3.RELEASE.jar;D:\mavenRepository\org\springframework\boot\spring-boot\2.0.3.RELEASE\spring-boot-2.0.3.RELEASE.jar;D:\mavenRepository\org\springframework\boot\spring-boot-autoconfigure\2.0.3.RELEASE\spring-boot-autoconfigure-2.0.3.RELEASE.jar;D:\mavenRepository\org\springframework\boot\spring-boot-starter-logging\2.0.3.RELEASE\spring-boot-starter-logging-2.0.3.RELEASE.jar;D:\mavenRepository\ch\qos\logback\logback-classic\1.2.3\logback-classic-1.2.3.jar;D:\mavenRepository\ch\qos\logback\logback-core\1.2.3\logback-core-1.2.3.jar;D:\mavenRepository\org\apache\logging\log4j\log4j-to-slf4j\2.10.0\log4j-to-slf4j-2.10.0.jar;D:\mavenRepository\org\apache\logging\log4j\log4j-api\2.10.0\log4j-api-2.10.0.jar;D:\mavenRepository\org\slf4j\jul-to-slf4j\1.7.25\jul-to-slf4j-1.7.25.jar;D:\mavenRepository\javax\annotation\javax.annotation-api\1.3.2\javax.annotation-api-1.3.2.jar;D:\mavenRepository\org\yaml\snakeyaml\1.19\snakeyaml-1.19.jar;D:\mavenRepository\org\springframework\boot\spring-boot-starter-json\2.0.3.RELEASE\spring-boot-starter-json-2.0.3.RELEASE.jar;D:\mavenRepository\com\fasterxml\jackson\core\jackson-databind\2.9.6\jackson-databind-2.9.6.jar;D:\mavenRepository\com\fasterxml\jackson\core\jackson-annotations\2.9.0\jackson-annotations-2.9.0.jar;D:\mavenRepository\com\fasterxml\jackson\core\jackson-core\2.9.6\jackson-core-2.9.6.jar;D:\mavenRepository\com\fasterxml\jackson\datatype\jackson-datatype-jdk8\2.9.6\jackson-datatype-jdk8-2.9.6.jar;D:\mavenRepository\com\fasterxml\jackson\datatype\jackson-datatype-jsr310\2.9.6\jackson-datatype-jsr310-2.9.6.jar;D:\mavenRepository\com\fasterxml\jackson\module\jackson-module-parameter-names\2.9.6\jackson-module-parameter-names-2.9.6.jar;D:\mavenRepository\org\springframework\boot\spring-boot-starter-tomcat\2.0.3.RELEASE\spring-boot-starter-tomcat-2.0.3.RELEASE.jar;D:\mavenRepository\org\apache\tomcat\embed\tomcat-embed-core\8.5.31\tomcat-embed-core-8.5.31.jar;D:\mavenRepository\org\apache\tomcat\embed\tomcat-embed-el\8.5.31\tomcat-embed-el-8.5.31.jar;D:\mavenRepository\org\apache\tomcat\embed\tomcat-embed-websocket\8.5.31\tomcat-embed-websocket-8.5.31.jar;D:\mavenRepository\org\hibernate\validator\hibernate-validator\6.0.10.Final\hibernate-validator-6.0.10.Final.jar;D:\mavenRepository\javax\validation\validation-api\2.0.1.Final\validation-api-2.0.1.Final.jar;D:\mavenRepository\org\jboss\logging\jboss-logging\3.3.2.Final\jboss-logging-3.3.2.Final.jar;D:\mavenRepository\com\fasterxml\classmate\1.3.4\classmate-1.3.4.jar;D:\mavenRepository\org\springframework\spring-web\5.0.7.RELEASE\spring-web-5.0.7.RELEASE.jar;D:\mavenRepository\org\springframework\spring-beans\5.0.7.RELEASE\spring-beans-5.0.7.RELEASE.jar;D:\mavenRepository\org\springframework\spring-webmvc\5.0.7.RELEASE\spring-webmvc-5.0.7.RELEASE.jar;D:\mavenRepository\org\springframework\spring-aop\5.0.7.RELEASE\spring-aop-5.0.7.RELEASE.jar;D:\mavenRepository\org\springframework\spring-context\5.0.7.RELEASE\spring-context-5.0.7.RELEASE.jar;D:\mavenRepository\org\springframework\spring-expression\5.0.7.RELEASE\spring-expression-5.0.7.RELEASE.jar;D:\mavenRepository\asm\asm\3.3.1\asm-3.3.1.jar;D:\mavenRepository\com\alibaba\fastjson\1.2.47\fastjson-1.2.47.jar;D:\mavenRepository\org\springframework\boot\spring-boot-starter-test\2.0.3.RELEASE\spring-boot-starter-test-2.0.3.RELEASE.jar;D:\mavenRepository\org\springframework\boot\spring-boot-test\2.0.3.RELEASE\spring-boot-test-2.0.3.RELEASE.jar;D:\mavenRepository\org\springframework\boot\spring-boot-test-autoconfigure\2.0.3.RELEASE\spring-boot-test-autoconfigure-2.0.3.RELEASE.jar;D:\mavenRepository\com\jayway\jsonpath\json-path\2.4.0\json-path-2.4.0.jar;D:\mavenRepository\net\minidev\json-smart\2.3\json-smart-2.3.jar;D:\mavenRepository\net\minidev\accessors-smart\1.2\accessors-smart-1.2.jar;D:\mavenRepository\org\ow2\asm\asm\5.0.4\asm-5.0.4.jar;D:\mavenRepository\org\slf4j\slf4j-api\1.7.25\slf4j-api-1.7.25.jar;D:\mavenRepository\junit\junit\4.12\junit-4.12.jar;D:\mavenRepository\org\assertj\assertj-core\3.9.1\assertj-core-3.9.1.jar;D:\mavenRepository\org\mockito\mockito-core\2.15.0\mockito-core-2.15.0.jar;D:\mavenRepository\net\bytebuddy\byte-buddy\1.7.11\byte-buddy-1.7.11.jar;D:\mavenRepository\net\bytebuddy\byte-buddy-agent\1.7.11\byte-buddy-agent-1.7.11.jar;D:\mavenRepository\org\objenesis\objenesis\2.6\objenesis-2.6.jar;D:\mavenRepository\org\hamcrest\hamcrest-core\1.3\hamcrest-core-1.3.jar;D:\mavenRepository\org\hamcrest\hamcrest-library\1.3\hamcrest-library-1.3.jar;D:\mavenRepository\org\skyscreamer\jsonassert\1.5.0\jsonassert-1.5.0.jar;D:\mavenRepository\com\vaadin\external\google\android-json\0.0.20131108.vaadin1\android-json-0.0.20131108.vaadin1.jar;D:\mavenRepository\org\springframework\spring-core\5.0.7.RELEASE\spring-core-5.0.7.RELEASE.jar;D:\mavenRepository\org\springframework\spring-jcl\5.0.7.RELEASE\spring-jcl-5.0.7.RELEASE.jar;D:\mavenRepository\org\springframework\spring-test\5.0.7.RELEASE\spring-test-5.0.7.RELEASE.jar;D:\mavenRepository\org\xmlunit\xmlunit-core\2.5.1\xmlunit-core-2.5.1.jar;, user.name=gouyan, java.vm.specification.version=1.8, sun.java.command=C:\Users\gouyan\AppData\Local\Temp\surefire4125141837082951700\surefirebooter287192915801994487.jar C:\Users\gouyan\AppData\Local\Temp\surefire4125141837082951700 2019-02-26T18-09-17_379-jvmRun1 surefire3984027022547970320tmp surefire_08067503054206733541tmp, java.home=F:\ProgramFiles\Java\jdk1.8.0_181\jre, sun.arch.data.model=64, user.language=zh, java.specification.vendor=Oracle Corporation, awt.toolkit=sun.awt.windows.WToolkit, java.vm.info=mixed mode, java.version=1.8.0_181, java.ext.dirs=F:\ProgramFiles\Java\jdk1.8.0_181\jre\lib\ext;C:\WINDOWS\Sun\Java\lib\ext, sun.boot.class.path=F:\ProgramFiles\Java\jdk1.8.0_181\jre\lib\resources.jar;F:\ProgramFiles\Java\jdk1.8.0_181\jre\lib\rt.jar;F:\ProgramFiles\Java\jdk1.8.0_181\jre\lib\sunrsasign.jar;F:\ProgramFiles\Java\jdk1.8.0_181\jre\lib\jsse.jar;F:\ProgramFiles\Java\jdk1.8.0_181\jre\lib\jce.jar;F:\ProgramFiles\Java\jdk1.8.0_181\jre\lib\charsets.jar;F:\ProgramFiles\Java\jdk1.8.0_181\jre\lib\jfr.jar;F:\ProgramFiles\Java\jdk1.8.0_181\jre\classes, java.vendor=Oracle Corporation, localRepository=D:\mavenRepository, file.separator=\, java.vendor.url.bug=http://bugreport.sun.com/bugreport/, sun.io.unicode.encoding=UnicodeLittle, sun.cpu.endian=little, sun.desktop=windows, sun.cpu.isalist=amd64}}, SystemEnvironmentPropertySource@518522822 {name='systemEnvironment', properties={PATH=C:\ProgramData\Oracle\Java\javapath;C:\WINDOWS\system32;C:\WINDOWS;C:\WINDOWS\System32\Wbem;C:\WINDOWS\System32\WindowsPowerShell\v1.0\;F:\Program Files\TortoiseSVN\bin;F:\ProgramFiles\Java\jdk1.8.0_181\bin;F:\ProgramFiles\Java\jdk1.8.0_181\jre;F:\Program Files\VisualSVN\bin;F:\Program Files\mysql\bin;C:\Program Files (x86)\Windows Kits\10\Windows Performance Toolkit\;F:\Program Files\hadoop-2.7.3\bin;C:\WINDOWS\system32\config\systemprofile\.dnx\bin;C:\Program Files\Microsoft DNX\Dnvm\;C:\Program Files\Microsoft SQL Server\130\Tools\Binn\;F:\ProgramFiles\anaconda;F:\ProgramFiles\anaconda\Library\bin;F:\ProgramFiles\anaconda\Scripts;F:\ProgramFiles\apache-maven-3.5.4\bin;F:\ProgramFiles\gradle-4.10\bin;F:\ProgramFiles\golang\bin;F:\ProgramFiles\golang\bin;C:\WINDOWS\System32\OpenSSH\;F:\Program Files\Git\cmd;F:\ProgramFiles\groovy-2.5.4\bin;;C:\Users\gouyan\AppData\Local\Microsoft\WindowsApps;F:\ProgramFiles\Docker Toolbox, USERDOMAIN_ROAMINGPROFILE=SLWY, NO_PROXY=192.168.99.100,192.168.99.101, PROCESSOR_LEVEL=6, SYSTEMDRIVE=C:, FP_NO_HOST_CHECK=NO, VS140COMNTOOLS=F:\Program Files\Microsoft Visual Studio 14.0\Common7\Tools\, SESSIONNAME=Console, ALLUSERSPROFILE=C:\ProgramData, PROCESSOR_ARCHITECTURE=AMD64, DRIVERDATA=C:\Windows\System32\Drivers\DriverData, =E:=E:\, MAVEN_HOME=F:\ProgramFiles\apache-maven-3.5.4\bin\.., PROGRAMFILES=C:\Program Files, PSMODULEPATH=C:\WINDOWS\system32\WindowsPowerShell\v1.0\Modules\, PROGRAMDATA=C:\ProgramData, CHOCOLATEYLASTPATHUPDATE=四 十一月 15 20:05:02 2018, USERNAME=gouyan, USERDNSDOMAIN=SLWY.COM, WDIR=D:\, FPS_BROWSER_USER_PROFILE_STRING=Default, PATHEXT=.COM;.EXE;.BAT;.CMD;.VBS;.VBE;.JS;.JSE;.WSF;.WSH;.MSC;.PY;.PYW, COMPOSE_CONVERT_WINDOWS_PATHS=true, CLASSWORLDS_JAR="F:\ProgramFiles\apache-maven-3.5.4\bin\..\boot\plexus-classworlds-2.5.2.jar", ANACONDA_HOME=F:\ProgramFiles\anaconda, DEVMGR_SHOW_DETAILS=1, WINDIR=C:\WINDOWS, HOMEPATH=\Users\gouyan, PROCESSOR_IDENTIFIER=Intel64 Family 6 Model 158 Stepping 9, GenuineIntel, WINDOWS_TRACING_LOGFILE=C:\BVTBin\Tests\installpackage\csilogfile.log, HADOOP_HOME=F:\ProgramFiles\hadoop-2.8.1, PUBLIC=C:\Users\Public, =::=::\, =EXITCODE=00000001, LOCALAPPDATA=C:\Users\gouyan\AppData\Local, COMMONPROGRAMFILES(X86)=C:\Program Files (x86)\Common Files, DOCKER_HOST=tcp://192.168.99.100:2376, USERDOMAIN=SLWY, FPS_BROWSER_APP_PROFILE_STRING=Internet Explorer, LOGONSERVER=\\DELL-2008R2BAK, JAVA_HOME=F:\ProgramFiles\Java\jdk1.8.0_181, PROMPT=$P$G, PROGRAMFILES(X86)=C:\Program Files (x86), ERROR_CODE=0, EXEC_DIR=D:\ideaProject\jvm, GRADLE_HOME=F:\ProgramFiles\gradle-4.10, GROOVY_HOME=F:\ProgramFiles\groovy-2.5.4, GO_HOME=F:\ProgramFiles\golang, WINDOWS_TRACING_FLAGS=3, =C:=C:\, APPDATA=C:\Users\gouyan\AppData\Roaming, DOCKER_MACHINE_NAME=default, DOCKER_CERT_PATH=C:\Users\gouyan\.docker\machine\machines\default, PROGRAMW6432=C:\Program Files, SYSTEMROOT=C:\WINDOWS, CHOCOLATEYINSTALL=C:\ProgramData\chocolatey, MAVEN_CMD_LINE_ARGS=clean package, VBOX_MSI_INSTALL_PATH=F:\ProgramFiles\Oracle\VirtualBox\, OS=Windows_NT, COMMONPROGRAMW6432=C:\Program Files\Common Files, COMPUTERNAME=PC-20, COMMONPROGRAMFILES=C:\Program Files\Common Files, COMSPEC=C:\WINDOWS\system32\cmd.exe, JAVACMD=F:\ProgramFiles\Java\jdk1.8.0_181\bin\java.exe, MAVEN_PROJECTBASEDIR=D:\ideaProject\jvm, PROCESSOR_REVISION=9e09, CLASSPATH=.;F:\ProgramFiles\Java\jdk1.8.0_181\lib;F:\ProgramFiles\Java\jdk1.8.0_181\lib\tools.jar, GOROOT=F:\ProgramFiles\golang\, CLASSWORLDS_LAUNCHER=org.codehaus.plexus.classworlds.launcher.Launcher, DOCKER_TLS_VERIFY=1, =D:=D:\ideaProject\jvm, TEMP=C:\Users\gouyan\AppData\Local\Temp, HOMEDRIVE=C:, USERPROFILE=C:\Users\gouyan, TMP=C:\Users\gouyan\AppData\Local\Temp, NUMBER_OF_PROCESSORS=8, JVMCONFIG=\.mvn\jvm.config, DOCKER_TOOLBOX_INSTALL_PATH=F:\ProgramFiles\Docker Toolbox}}]
18:09:18.977 [main] DEBUG org.springframework.core.io.support.PathMatchingResourcePatternResolver - Resolved classpath location [com/gouyan/jvm/] to resources [URL [file:/D:/ideaProject/jvm/target/test-classes/com/gouyan/jvm/]]
18:09:18.977 [main] DEBUG org.springframework.core.io.support.PathMatchingResourcePatternResolver - Looking for matching resources in directory tree [D:\ideaProject\jvm\target\test-classes\com\gouyan\jvm]
18:09:18.978 [main] DEBUG org.springframework.core.io.support.PathMatchingResourcePatternResolver - Searching directory [D:\ideaProject\jvm\target\test-classes\com\gouyan\jvm] for files matching pattern [D:/ideaProject/jvm/target/test-classes/com/gouyan/jvm/*.class]
18:09:18.981 [main] DEBUG org.springframework.core.io.support.PathMatchingResourcePatternResolver - Resolved location pattern [classpath*:com/gouyan/jvm/*.class] to resources [file [D:\ideaProject\jvm\target\test-classes\com\gouyan\jvm\JvmApplicationTests.class]]
18:09:19.009 [main] DEBUG org.springframework.core.io.support.PathMatchingResourcePatternResolver - Resolved classpath location [com/gouyan/] to resources [URL [file:/D:/ideaProject/jvm/target/test-classes/com/gouyan/]]
18:09:19.009 [main] DEBUG org.springframework.core.io.support.PathMatchingResourcePatternResolver - Looking for matching resources in directory tree [D:\ideaProject\jvm\target\test-classes\com\gouyan]
18:09:19.009 [main] DEBUG org.springframework.core.io.support.PathMatchingResourcePatternResolver - Searching directory [D:\ideaProject\jvm\target\test-classes\com\gouyan] for files matching pattern [D:/ideaProject/jvm/target/test-classes/com/gouyan/*.class]
18:09:19.010 [main] DEBUG org.springframework.core.io.support.PathMatchingResourcePatternResolver - Resolved location pattern [classpath*:com/gouyan/*.class] to resources []
18:09:19.010 [main] DEBUG org.springframework.core.io.support.PathMatchingResourcePatternResolver - Resolved classpath location [com/] to resources [URL [file:/D:/ideaProject/jvm/target/test-classes/com/], URL [file:/D:/ideaProject/jvm/target/classes/com/], URL [jar:file:/D:/mavenRepository/com/fasterxml/jackson/core/jackson-databind/2.9.6/jackson-databind-2.9.6.jar!/com/], URL [jar:file:/D:/mavenRepository/com/fasterxml/jackson/core/jackson-annotations/2.9.0/jackson-annotations-2.9.0.jar!/com/], URL [jar:file:/D:/mavenRepository/com/fasterxml/jackson/core/jackson-core/2.9.6/jackson-core-2.9.6.jar!/com/], URL [jar:file:/D:/mavenRepository/com/fasterxml/jackson/datatype/jackson-datatype-jdk8/2.9.6/jackson-datatype-jdk8-2.9.6.jar!/com/], URL [jar:file:/D:/mavenRepository/com/fasterxml/jackson/datatype/jackson-datatype-jsr310/2.9.6/jackson-datatype-jsr310-2.9.6.jar!/com/], URL [jar:file:/D:/mavenRepository/com/fasterxml/jackson/module/jackson-module-parameter-names/2.9.6/jackson-module-parameter-names-2.9.6.jar!/com/], URL [jar:file:/D:/mavenRepository/com/fasterxml/classmate/1.3.4/classmate-1.3.4.jar!/com/], URL [jar:file:/D:/mavenRepository/com/alibaba/fastjson/1.2.47/fastjson-1.2.47.jar!/com/], URL [jar:file:/D:/mavenRepository/com/jayway/jsonpath/json-path/2.4.0/json-path-2.4.0.jar!/com/]]
18:09:19.010 [main] DEBUG org.springframework.core.io.support.PathMatchingResourcePatternResolver - Looking for matching resources in directory tree [D:\ideaProject\jvm\target\test-classes\com]
18:09:19.010 [main] DEBUG org.springframework.core.io.support.PathMatchingResourcePatternResolver - Searching directory [D:\ideaProject\jvm\target\test-classes\com] for files matching pattern [D:/ideaProject/jvm/target/test-classes/com/*.class]
18:09:19.011 [main] DEBUG org.springframework.core.io.support.PathMatchingResourcePatternResolver - Looking for matching resources in directory tree [D:\ideaProject\jvm\target\classes\com]
18:09:19.011 [main] DEBUG org.springframework.core.io.support.PathMatchingResourcePatternResolver - Searching directory [D:\ideaProject\jvm\target\classes\com] for files matching pattern [D:/ideaProject/jvm/target/classes/com/*.class]
18:09:19.012 [main] DEBUG org.springframework.core.io.support.PathMatchingResourcePatternResolver - Looking for matching resources in jar file [file:/D:/mavenRepository/com/fasterxml/jackson/core/jackson-databind/2.9.6/jackson-databind-2.9.6.jar]
18:09:19.023 [main] DEBUG org.springframework.core.io.support.PathMatchingResourcePatternResolver - Looking for matching resources in jar file [file:/D:/mavenRepository/com/fasterxml/jackson/core/jackson-annotations/2.9.0/jackson-annotations-2.9.0.jar]
18:09:19.025 [main] DEBUG org.springframework.core.io.support.PathMatchingResourcePatternResolver - Looking for matching resources in jar file [file:/D:/mavenRepository/com/fasterxml/jackson/core/jackson-core/2.9.6/jackson-core-2.9.6.jar]
18:09:19.025 [main] DEBUG org.springframework.core.io.support.PathMatchingResourcePatternResolver - Looking for matching resources in jar file [file:/D:/mavenRepository/com/fasterxml/jackson/datatype/jackson-datatype-jdk8/2.9.6/jackson-datatype-jdk8-2.9.6.jar]
18:09:19.025 [main] DEBUG org.springframework.core.io.support.PathMatchingResourcePatternResolver - Looking for matching resources in jar file [file:/D:/mavenRepository/com/fasterxml/jackson/datatype/jackson-datatype-jsr310/2.9.6/jackson-datatype-jsr310-2.9.6.jar]
18:09:19.025 [main] DEBUG org.springframework.core.io.support.PathMatchingResourcePatternResolver - Looking for matching resources in jar file [file:/D:/mavenRepository/com/fasterxml/jackson/module/jackson-module-parameter-names/2.9.6/jackson-module-parameter-names-2.9.6.jar]
18:09:19.026 [main] DEBUG org.springframework.core.io.support.PathMatchingResourcePatternResolver - Looking for matching resources in jar file [file:/D:/mavenRepository/com/fasterxml/classmate/1.3.4/classmate-1.3.4.jar]
18:09:19.026 [main] DEBUG org.springframework.core.io.support.PathMatchingResourcePatternResolver - Looking for matching resources in jar file [file:/D:/mavenRepository/com/alibaba/fastjson/1.2.47/fastjson-1.2.47.jar]
18:09:19.027 [main] DEBUG org.springframework.core.io.support.PathMatchingResourcePatternResolver - Looking for matching resources in jar file [file:/D:/mavenRepository/com/jayway/jsonpath/json-path/2.4.0/json-path-2.4.0.jar]
18:09:19.029 [main] DEBUG org.springframework.core.io.support.PathMatchingResourcePatternResolver - Resolved location pattern [classpath*:com/*.class] to resources []
]]></system-out>
  </testcase>
</testsuite>